<?xml version="1.0" encoding="UTF-8"?>
<testsuite name="com.exactaworks.prepush.ApplicationTest" tests="1" skipped="0" failures="0" errors="0" timestamp="2021-05-10T13:20:25" hostname="ederfmatos" time="0.021">
  <properties/>
  <testcase name="Deve validar soma" classname="com.exactaworks.prepush.ApplicationTest" time="0.021"/>
  <system-out><![CDATA[]]></system-out>
  <system-err><![CDATA[]]></system-err>
</testsuite>
